# JRE version: OpenJDK Runtime Environment (8.0_312-b07) (build 1.8.0_312-b07)
# Java VM: OpenJDK 64-Bit Server VM (25.312-b07 mixed mode windows-amd64 compressed oops)
Heap:
 PSYoungGen      total 270848K, used 19009K [0x00000000d5580000, 0x00000000f5f80000, 0x0000000100000000)
  eden space 266752K, 5% used [0x00000000d5580000,0x00000000d6464388,0x00000000e5a00000)
  from space 4096K, 91% used [0x00000000f5b80000,0x00000000f5f2c0b0,0x00000000f5f80000)
  to   space 11776K, 0% used [0x00000000f4880000,0x00000000f4880000,0x00000000f5400000)
 ParOldGen       total 80384K, used 62668K [0x0000000080000000, 0x0000000084e80000, 0x00000000d5580000)
  object space 80384K, 77% used [0x0000000080000000,0x0000000083d33150,0x0000000084e80000)
 Metaspace       used 74749K, capacity 79256K, committed 79512K, reserved 1118208K
  class space    used 9915K, capacity 10621K, committed 10672K, reserved 1048576K
GC Heap History (10 events):
Event: 43054.438 GC heap before
{Heap before GC invocations=35 (full 3):
 PSYoungGen      total 334848K, used 334608K [0x00000000d5580000, 0x00000000f7f00000, 0x0000000100000000)
  eden space 330240K, 100% used [0x00000000d5580000,0x00000000e9800000,0x00000000e9800000)
  from space 4608K, 94% used [0x00000000f6900000,0x00000000f6d44090,0x00000000f6d80000)
  to   space 13312K, 0% used [0x00000000f7200000,0x00000000f7200000,0x00000000f7f00000)
 ParOldGen       total 80384K, used 62540K [0x0000000080000000, 0x0000000084e80000, 0x00000000d5580000)
  object space 80384K, 77% used [0x0000000080000000,0x0000000083d13150,0x0000000084e80000)
 Metaspace       used 74749K, capacity 79256K, committed 79512K, reserved 1118208K
  class space    used 9915K, capacity 10621K, committed 10672K, reserved 1048576K
Event: 43061.234 GC heap after
Heap after GC invocations=35 (full 3):
 PSYoungGen      total 321024K, used 4288K [0x00000000d5580000, 0x00000000f7680000, 0x0000000100000000)
  eden space 316416K, 0% used [0x00000000d5580000,0x00000000d5580000,0x00000000e8a80000)
  from space 4608K, 93% used [0x00000000f7200000,0x00000000f76300e0,0x00000000f7680000)
  to   space 12800K, 0% used [0x00000000f5d80000,0x00000000f5d80000,0x00000000f6a00000)
 ParOldGen       total 80384K, used 62572K [0x0000000080000000, 0x0000000084e80000, 0x00000000d5580000)
  object space 80384K, 77% used [0x0000000080000000,0x0000000083d1b150,0x0000000084e80000)
 Metaspace       used 74749K, capacity 79256K, committed 79512K, reserved 1118208K
  class space    used 9915K, capacity 10621K, committed 10672K, reserved 1048576K
}
Event: 44466.442 GC heap before
{Heap before GC invocations=36 (full 3):
 PSYoungGen      total 321024K, used 320704K [0x00000000d5580000, 0x00000000f7680000, 0x0000000100000000)
  eden space 316416K, 100% used [0x00000000d5580000,0x00000000e8a80000,0x00000000e8a80000)
  from space 4608K, 93% used [0x00000000f7200000,0x00000000f76300e0,0x00000000f7680000)
  to   space 12800K, 0% used [0x00000000f5d80000,0x00000000f5d80000,0x00000000f6a00000)
 ParOldGen       total 80384K, used 62572K [0x0000000080000000, 0x0000000084e80000, 0x00000000d5580000)
  object space 80384K, 77% used [0x0000000080000000,0x0000000083d1b150,0x0000000084e80000)
 Metaspace       used 74749K, capacity 79256K, committed 79512K, reserved 1118208K
  class space    used 9915K, capacity 10621K, committed 10672K, reserved 1048576K
Event: 44466.519 GC heap after
Heap after GC invocations=36 (full 3):
 PSYoungGen      total 307200K, used 3952K [0x00000000d5580000, 0x00000000f7280000, 0x0000000100000000)
  eden space 303104K, 0% used [0x00000000d5580000,0x00000000d5580000,0x00000000e7d80000)
  from space 4096K, 96% used [0x00000000f5d80000,0x00000000f615c150,0x00000000f6180000)
  to   space 12288K, 0% used [0x00000000f6680000,0x00000000f6680000,0x00000000f7280000)
 ParOldGen       total 80384K, used 62604K [0x0000000080000000, 0x0000000084e80000, 0x00000000d5580000)
  object space 80384K, 77% used [0x0000000080000000,0x0000000083d23150,0x0000000084e80000)
 Metaspace       used 74749K, capacity 79256K, committed 79512K, reserved 1118208K
  class space    used 9915K, capacity 10621K, committed 10672K, reserved 1048576K
}
Event: 45804.891 GC heap before
{Heap before GC invocations=37 (full 3):
 PSYoungGen      total 307200K, used 307056K [0x00000000d5580000, 0x00000000f7280000, 0x0000000100000000)
  eden space 303104K, 100% used [0x00000000d5580000,0x00000000e7d80000,0x00000000e7d80000)
  from space 4096K, 96% used [0x00000000f5d80000,0x00000000f615c150,0x00000000f6180000)
  to   space 12288K, 0% used [0x00000000f6680000,0x00000000f6680000,0x00000000f7280000)
 ParOldGen       total 80384K, used 62604K [0x0000000080000000, 0x0000000084e80000, 0x00000000d5580000)
  object space 80384K, 77% used [0x0000000080000000,0x0000000083d23150,0x0000000084e80000)
 Metaspace       used 74749K, capacity 79256K, committed 79512K, reserved 1118208K
  class space    used 9915K, capacity 10621K, committed 10672K, reserved 1048576K
Event: 45805.242 GC heap after
Heap after GC invocations=37 (full 3):
 PSYoungGen      total 294400K, used 3872K [0x00000000d5580000, 0x00000000f6a80000, 0x0000000100000000)
  eden space 290304K, 0% used [0x00000000d5580000,0x00000000d5580000,0x00000000e7100000)
  from space 4096K, 94% used [0x00000000f6680000,0x00000000f6a480e0,0x00000000f6a80000)
  to   space 12288K, 0% used [0x00000000f5280000,0x00000000f5280000,0x00000000f5e80000)
 ParOldGen       total 80384K, used 62620K [0x0000000080000000, 0x0000000084e80000, 0x00000000d5580000)
  object space 80384K, 77% used [0x0000000080000000,0x0000000083d27150,0x0000000084e80000)
 Metaspace       used 74749K, capacity 79256K, committed 79512K, reserved 1118208K
  class space    used 9915K, capacity 10621K, committed 10672K, reserved 1048576K
}
Event: 47099.343 GC heap before
{Heap before GC invocations=38 (full 3):
 PSYoungGen      total 294400K, used 294176K [0x00000000d5580000, 0x00000000f6a80000, 0x0000000100000000)
  eden space 290304K, 100% used [0x00000000d5580000,0x00000000e7100000,0x00000000e7100000)
  from space 4096K, 94% used [0x00000000f6680000,0x00000000f6a480e0,0x00000000f6a80000)
  to   space 12288K, 0% used [0x00000000f5280000,0x00000000f5280000,0x00000000f5e80000)
 ParOldGen       total 80384K, used 62620K [0x0000000080000000, 0x0000000084e80000, 0x00000000d5580000)
  object space 80384K, 77% used [0x0000000080000000,0x0000000083d27150,0x0000000084e80000)
 Metaspace       used 74749K, capacity 79256K, committed 79512K, reserved 1118208K
  class space    used 9915K, capacity 10621K, committed 10672K, reserved 1048576K
Event: 47099.514 GC heap after
Heap after GC invocations=38 (full 3):
 PSYoungGen      total 282112K, used 3696K [0x00000000d5580000, 0x00000000f6700000, 0x0000000100000000)
  eden space 278016K, 0% used [0x00000000d5580000,0x00000000d5580000,0x00000000e6500000)
  from space 4096K, 90% used [0x00000000f5280000,0x00000000f561c0d0,0x00000000f5680000)
  to   space 11776K, 0% used [0x00000000f5b80000,0x00000000f5b80000,0x00000000f6700000)
 ParOldGen       total 80384K, used 62644K [0x0000000080000000, 0x0000000084e80000, 0x00000000d5580000)
  object space 80384K, 77% used [0x0000000080000000,0x0000000083d2d150,0x0000000084e80000)
 Metaspace       used 74749K, capacity 79256K, committed 79512K, reserved 1118208K
  class space    used 9915K, capacity 10621K, committed 10672K, reserved 1048576K
}
Event: 48324.047 GC heap before
{Heap before GC invocations=39 (full 3):
 PSYoungGen      total 282112K, used 281712K [0x00000000d5580000, 0x00000000f6700000, 0x0000000100000000)
  eden space 278016K, 100% used [0x00000000d5580000,0x00000000e6500000,0x00000000e6500000)
  from space 4096K, 90% used [0x00000000f5280000,0x00000000f561c0d0,0x00000000f5680000)
  to   space 11776K, 0% used [0x00000000f5b80000,0x00000000f5b80000,0x00000000f6700000)
 ParOldGen       total 80384K, used 62644K [0x0000000080000000, 0x0000000084e80000, 0x00000000d5580000)
  object space 80384K, 77% used [0x0000000080000000,0x0000000083d2d150,0x0000000084e80000)
 Metaspace       used 74749K, capacity 79256K, committed 79512K, reserved 1118208K
  class space    used 9915K, capacity 10621K, committed 10672K, reserved 1048576K
Event: 48324.182 GC heap after
Heap after GC invocations=39 (full 3):
 PSYoungGen      total 270848K, used 3760K [0x00000000d5580000, 0x00000000f5f80000, 0x0000000100000000)
  eden space 266752K, 0% used [0x00000000d5580000,0x00000000d5580000,0x00000000e5a00000)
  from space 4096K, 91% used [0x00000000f5b80000,0x00000000f5f2c0b0,0x00000000f5f80000)
  to   space 11776K, 0% used [0x00000000f4880000,0x00000000f4880000,0x00000000f5400000)
 ParOldGen       total 80384K, used 62668K [0x0000000080000000, 0x0000000084e80000, 0x00000000d5580000)
  object space 80384K, 77% used [0x0000000080000000,0x0000000083d33150,0x0000000084e80000)
 Metaspace       used 74749K, capacity 79256K, committed 79512K, reserved 1118208K
  class space    used 9915K, capacity 10621K, committed 10672K, reserved 1048576K
}

